[debug] [2020-01-12T15:26:55.216Z] ----------------------------------------------------------------------
[debug] [2020-01-12T15:26:55.220Z] Command:       /usr/local/Cellar/node/9.8.0/bin/node /usr/local/bin/firebase deploy --project farooq-agent
[debug] [2020-01-12T15:26:55.220Z] CLI Version:   4.2.0
[debug] [2020-01-12T15:26:55.220Z] Platform:      darwin
[debug] [2020-01-12T15:26:55.220Z] Node Version:  v9.8.0
[debug] [2020-01-12T15:26:55.221Z] Time:          Sun Jan 12 2020 23:26:55 GMT+0800 (WITA)
[debug] [2020-01-12T15:26:55.221Z] ----------------------------------------------------------------------
[debug] 
[debug] [2020-01-12T15:26:55.240Z] > command requires scopes: ["email","openid","https://www.googleapis.com/auth/cloudplatformprojects.readonly","https://www.googleapis.com/auth/firebase","https://www.googleapis.com/auth/cloud-platform"]
[debug] [2020-01-12T15:26:55.240Z] > authorizing via signed-in user
[debug] [2020-01-12T15:26:55.247Z] > refreshing access token with scopes: ["email","https://www.googleapis.com/auth/cloud-platform","https://www.googleapis.com/auth/cloudplatformprojects.readonly","https://www.googleapis.com/auth/firebase","openid"]
[debug] [2020-01-12T15:26:55.258Z] >>> HTTP REQUEST POST https://www.googleapis.com/oauth2/v3/token  

[debug] [2020-01-12T15:26:55.537Z] <<< HTTP RESPONSE 200
[debug] [2020-01-12T15:26:55.559Z] >>> HTTP REQUEST GET https://admin.firebase.com/v1/projects/farooq-agent  
 
[info] 
[warn] ⚠  Your CLI authentication needs to be updated to take advantage of new features.
[warn] ⚠  Please run firebase login --reauth
[info] 
[debug] [2020-01-12T15:26:56.660Z] > command requires scopes: ["email","openid","https://www.googleapis.com/auth/cloudplatformprojects.readonly","https://www.googleapis.com/auth/firebase"]
[debug] [2020-01-12T15:26:56.660Z] > authorizing via signed-in user
[debug] [2020-01-12T15:26:56.660Z] > refreshing access token with scopes: ["email","https://www.googleapis.com/auth/cloudplatformprojects.readonly","https://www.googleapis.com/auth/firebase","openid"]
[debug] [2020-01-12T15:26:56.662Z] >>> HTTP REQUEST POST https://www.googleapis.com/oauth2/v3/token  

[debug] [2020-01-12T15:26:56.853Z] <<< HTTP RESPONSE 200
[debug] [2020-01-12T15:26:56.862Z] >>> HTTP REQUEST GET https://admin.firebase.com/v1/projects/farooq-agent  
 
[debug] [2020-01-12T15:26:57.696Z] Error: certificate has expired
    at TLSSocket.onConnectSecure (_tls_wrap.js:1036:34)
    at TLSSocket.emit (events.js:180:13)
    at TLSSocket.emit (domain.js:421:20)
    at TLSSocket._finishInit (_tls_wrap.js:633:8)
[error] 
[error] Error: Server Error. certificate has expired
[debug] [2020-01-12T15:27:08.464Z] ----------------------------------------------------------------------
[debug] [2020-01-12T15:27:08.467Z] Command:       /usr/local/Cellar/node/9.8.0/bin/node /usr/local/bin/firebase deploy --project farooq-agent
[debug] [2020-01-12T15:27:08.467Z] CLI Version:   4.2.0
[debug] [2020-01-12T15:27:08.467Z] Platform:      darwin
[debug] [2020-01-12T15:27:08.467Z] Node Version:  v9.8.0
[debug] [2020-01-12T15:27:08.468Z] Time:          Sun Jan 12 2020 23:27:08 GMT+0800 (WITA)
[debug] [2020-01-12T15:27:08.468Z] ----------------------------------------------------------------------
[debug] 
[debug] [2020-01-12T15:27:08.482Z] > command requires scopes: ["email","openid","https://www.googleapis.com/auth/cloudplatformprojects.readonly","https://www.googleapis.com/auth/firebase","https://www.googleapis.com/auth/cloud-platform"]
[debug] [2020-01-12T15:27:08.482Z] > authorizing via signed-in user
[debug] [2020-01-12T15:27:08.484Z] > refreshing access token with scopes: ["email","https://www.googleapis.com/auth/cloud-platform","https://www.googleapis.com/auth/cloudplatformprojects.readonly","https://www.googleapis.com/auth/firebase","openid"]
[debug] [2020-01-12T15:27:08.484Z] >>> HTTP REQUEST POST https://www.googleapis.com/oauth2/v3/token  

[debug] [2020-01-12T15:27:08.750Z] <<< HTTP RESPONSE 200
[debug] [2020-01-12T15:27:08.760Z] >>> HTTP REQUEST GET https://admin.firebase.com/v1/projects/farooq-agent  
 
[info] 
[warn] ⚠  Your CLI authentication needs to be updated to take advantage of new features.
[warn] ⚠  Please run firebase login --reauth
[info] 
[debug] [2020-01-12T15:27:09.479Z] > command requires scopes: ["email","openid","https://www.googleapis.com/auth/cloudplatformprojects.readonly","https://www.googleapis.com/auth/firebase"]
[debug] [2020-01-12T15:27:09.480Z] > authorizing via signed-in user
[debug] [2020-01-12T15:27:09.480Z] > refreshing access token with scopes: ["email","https://www.googleapis.com/auth/cloudplatformprojects.readonly","https://www.googleapis.com/auth/firebase","openid"]
[debug] [2020-01-12T15:27:09.480Z] >>> HTTP REQUEST POST https://www.googleapis.com/oauth2/v3/token  

[debug] [2020-01-12T15:27:09.614Z] <<< HTTP RESPONSE 200
[debug] [2020-01-12T15:27:09.620Z] >>> HTTP REQUEST GET https://admin.firebase.com/v1/projects/farooq-agent  
 
[debug] [2020-01-12T15:27:10.461Z] Error: certificate has expired
    at TLSSocket.onConnectSecure (_tls_wrap.js:1036:34)
    at TLSSocket.emit (events.js:180:13)
    at TLSSocket.emit (domain.js:421:20)
    at TLSSocket._finishInit (_tls_wrap.js:633:8)
[error] 
[error] Error: Server Error. certificate has expired
